<?xml version="1.0" encoding="utf-8" standalone="no"?>
<!--This file represents the results of running a test suite-->
<test-results name="D:\Users\francisco.pegado\Documents\Visual Studio 2010\Projects\WebSGQ\WebSGQ\bin\WebSGQ.dll" total="0" errors="0" failures="0" not-run="0" inconclusive="0" ignored="0" skipped="0" invalid="0" date="2012-04-18" time="13:18:18">
  <environment nunit-version="2.5.5.10112" clr-version="4.0.30319.225" os-version="Microsoft Windows NT 6.1.7601 Service Pack 1" platform="Win32NT" cwd="C:\Program Files\Microsoft Visual Studio 10.0\Common7\IDE" machine-name="FOR01TICWS07" user="francisco.pegado" user-domain="CASABLANCA" />
  <culture-info current-culture="pt-BR" current-uiculture="pt-BR" />
  <test-suite type="Assembly" name="D:\Users\francisco.pegado\Documents\Visual Studio 2010\Projects\WebSGQ\WebSGQ\bin\WebSGQ.dll" executed="False" result="NotRunnable">
    <reason>
      <message><![CDATA[Has no TestFixtures]]></message>
    </reason>
  </test-suite>
</test-results>